<?xml version="1.0" encoding="UTF-8"?>
<testng-results ignored="0" total="1" passed="1" failed="0" skipped="0">
  <reporter-output>
  </reporter-output>
  <suite started-at="2024-12-21T14:09:27 JST" name="Suite" finished-at="2024-12-21T14:09:34 JST" duration-ms="7123">
    <groups>
    </groups>
    <test started-at="2024-12-21T14:09:27 JST" name="Test" finished-at="2024-12-21T14:09:34 JST" duration-ms="7123">
      <class name="org.runnerclass.FacebookCreateNewAccount">
        <test-method signature="TC01(java.lang.String,java.lang.String)[pri:0, instance:org.runnerclass.FacebookCreateNewAccount@6b81ce95]" started-at="2024-12-21T14:09:27 JST" name="TC01" finished-at="2024-12-21T14:09:34 JST" duration-ms="7061" status="PASS">
          <params>
            <param index="0">
              <value>
                <![CDATA[vishaly]]>
              </value>
            </param>
            <param index="1">
              <value>
                <![CDATA[welcome@123]]>
              </value>
            </param>
          </params>
          <reporter-output>
          </reporter-output>
        </test-method> <!-- TC01 -->
      </class> <!-- org.runnerclass.FacebookCreateNewAccount -->
    </test> <!-- Test -->
  </suite> <!-- Suite -->
</testng-results>
